<?xml version="1.0" encoding="UTF-8" ?>
<testsuite tests="4" failures="0" name="bdd.test.TestRunner" time="14.648" errors="0" skipped="0">
  <properties>
[...]
</properties>
  <testcase classname="Cen\u00E1rio: Acesso \u00E0 tela de Consulta de Comunica\u00E7\u00E3o" name="Dado que eu esteja na p\u00E1gina da Ouvidoria" time="0.016"/>
  <testcase classname="Cen\u00E1rio: Acesso \u00E0 tela de Consulta de Comunica\u00E7\u00E3o" name="E queira acessar a p\u00E1gina de Consultas" time="0"/>
  <testcase classname="Cen\u00E1rio: Acesso \u00E0 tela de Consulta de Comunica\u00E7\u00E3o" name="Ent\u00E3o devo clicar em Consulta de Comunica\u00E7\u00E3o em Servi\u00E7os de \u00C1rea" time="0"/>
  <testcase classname="Cen\u00E1rio: Acesso \u00E0 tela de Consulta de Comunica\u00E7\u00E3o" name="Cen\u00E1rio: Acesso \u00E0 tela de Consulta de Comunica\u00E7\u00E3o" time="0"/>
</testsuite>